<?xml version="1.0" encoding="UTF-8"?>
<testng-results ignored="0" total="2" passed="2" failed="0" skipped="0">
  <reporter-output>
  </reporter-output>
  <suite started-at="2023-01-18T06:37:16Z" name="Default suite" finished-at="2023-01-18T06:37:16Z" duration-ms="71">
    <groups>
    </groups>
    <test started-at="2023-01-18T06:37:16Z" name="Default test" finished-at="2023-01-18T06:37:16Z" duration-ms="71">
      <class name="TestNG.Practice.FirstProject">
        <test-method signature="Browserlaunch()[pri:0, instance:TestNG.Practice.FirstProject@48d61b48]" started-at="2023-01-18T06:37:16Z" name="Browserlaunch" finished-at="2023-01-18T06:37:16Z" duration-ms="17" status="PASS">
          <reporter-output>
          </reporter-output>
        </test-method> <!-- Browserlaunch -->
        <test-method signature="LoadUrlAddress()[pri:0, instance:TestNG.Practice.FirstProject@48d61b48]" started-at="2023-01-18T06:37:16Z" name="LoadUrlAddress" finished-at="2023-01-18T06:37:16Z" duration-ms="2" status="PASS">
          <reporter-output>
          </reporter-output>
        </test-method> <!-- LoadUrlAddress -->
      </class> <!-- TestNG.Practice.FirstProject -->
    </test> <!-- Default test -->
  </suite> <!-- Default suite -->
</testng-results>
